2023-12-20 05:02:10,777 [INFO] Activator:176 - 


2023-12-20 05:02:10,814 [INFO] Activator:177 - !SESSION log4j initialized
2023-12-20 05:02:20,942 [INFO] LogOutputStream:77 - [STDOUT_REDIRECT] 
2023-12-20 05:02:24,225 [INFO] ApplicationProperties:184 - Using Application install path: /opt/st/stm32cubeide_1.14.0/plugins/com.st.stm32cube.common.mx_6.10.0.202311202037
2023-12-20 05:02:24,314 [INFO] DbMcusXml:78 - Set database path to: /opt/st/stm32cubeide_1.14.0/plugins/com.st.stm32cube.common.mx_6.10.0.202311202037//db//mcu/
2023-12-20 05:02:24,314 [INFO] ApiDb:274 - Set plugin database path to: /opt/st/stm32cubeide_1.14.0/plugins/com.st.stm32cube.common.mx_6.10.0.202311202037//db//plugins/boardmanager/
2023-12-20 05:02:24,315 [WARN] ApiDb:259 - Overriding images path with different value:  => /opt/st/stm32cubeide_1.14.0/plugins/com.st.stm32cube.common.mx_6.10.0.202311202037//db//plugins/mcufinder/images/
2023-12-20 05:02:24,479 [INFO] ApiDb:250 - Set database path to: /home/viktorb/.stmcufinder/plugins/mcufinder//mcu/
2023-12-20 05:02:24,482 [INFO] DbMcusAds:125 - Set database path to: /home/viktorb/.stmcufinder/plugins/mcufinder//mcu/
2023-12-20 05:02:24,489 [INFO] CrossReferenceDbSqlite:203 - Set database path to: /home/viktorb/.stmcufinder/plugins/mcufinder//mcu/cs/
2023-12-20 05:02:24,894 [INFO] RulesReader:64 - Compatibility file has been processed (297 Rules)
2023-12-20 05:02:25,187 [INFO] DbMcusXml:78 - Set database path to: /opt/st/stm32cubeide_1.14.0/plugins/com.st.stm32cube.common.mx_6.10.0.202311202037//db//mcu/
2023-12-20 05:02:25,187 [INFO] ApiDb:274 - Set plugin database path to: /opt/st/stm32cubeide_1.14.0/plugins/com.st.stm32cube.common.mx_6.10.0.202311202037//db//plugins/boardmanager/
2023-12-20 05:02:25,188 [INFO] ApiDb:261 - Set plugin images path to: /opt/st/stm32cubeide_1.14.0/plugins/com.st.stm32cube.common.mx_6.10.0.202311202037//db//plugins/mcufinder/images/
2023-12-20 05:02:25,189 [WARN] DbFile:41 - Overriding database path with different value: /home/viktorb/.stmcufinder/plugins/mcufinder/ => /home/viktorb/.stmcufinder/plugins/mcufinder
2023-12-20 05:02:25,189 [INFO] ApiDb:250 - Set database path to: /home/viktorb/.stmcufinder/plugins/mcufinder//mcu/
2023-12-20 05:02:25,189 [WARN] DbFile:41 - Overriding database path with different value: /home/viktorb/.stmcufinder/plugins/mcufinder/ => /home/viktorb/.stmcufinder/plugins/mcufinder
2023-12-20 05:02:25,189 [INFO] DbMcusAds:125 - Set database path to: /home/viktorb/.stmcufinder/plugins/mcufinder//mcu/
2023-12-20 05:02:25,190 [WARN] DbFile:41 - Overriding database path with different value: /home/viktorb/.stmcufinder/plugins/mcufinder/ => /home/viktorb/.stmcufinder/plugins/mcufinder
2023-12-20 05:02:25,190 [WARN] DbFile:41 - Overriding database path with different value: /home/viktorb/.stmcufinder/plugins/mcufinder/ => /home/viktorb/.stmcufinder/plugins/mcufinder
2023-12-20 05:02:25,190 [INFO] CrossReferenceDbSqlite:203 - Set database path to: /home/viktorb/.stmcufinder/plugins/mcufinder//mcu/cs/
2023-12-20 05:02:25,479 [INFO] MainPanel:264 - HeapMemory: 268435456
2023-12-20 05:02:25,832 [INFO] DbMcusXml:78 - Set database path to: /opt/st/stm32cubeide_1.14.0/plugins/com.st.stm32cube.common.mx_6.10.0.202311202037//db//mcu/
2023-12-20 05:02:25,832 [INFO] ApiDb:274 - Set plugin database path to: /opt/st/stm32cubeide_1.14.0/plugins/com.st.stm32cube.common.mx_6.10.0.202311202037//db//plugins/boardmanager/
2023-12-20 05:02:25,833 [INFO] ApiDb:261 - Set plugin images path to: /opt/st/stm32cubeide_1.14.0/plugins/com.st.stm32cube.common.mx_6.10.0.202311202037//db//plugins/mcufinder/images/
2023-12-20 05:02:25,834 [WARN] DbFile:41 - Overriding database path with different value: /home/viktorb/.stmcufinder/plugins/mcufinder/ => /home/viktorb/.stmcufinder/plugins/mcufinder
2023-12-20 05:02:25,834 [INFO] ApiDb:250 - Set database path to: /home/viktorb/.stmcufinder/plugins/mcufinder//mcu/
2023-12-20 05:02:25,834 [WARN] DbFile:41 - Overriding database path with different value: /home/viktorb/.stmcufinder/plugins/mcufinder/ => /home/viktorb/.stmcufinder/plugins/mcufinder
2023-12-20 05:02:25,835 [INFO] DbMcusAds:125 - Set database path to: /home/viktorb/.stmcufinder/plugins/mcufinder//mcu/
2023-12-20 05:02:25,835 [WARN] DbFile:41 - Overriding database path with different value: /home/viktorb/.stmcufinder/plugins/mcufinder/ => /home/viktorb/.stmcufinder/plugins/mcufinder
2023-12-20 05:02:25,835 [WARN] DbFile:41 - Overriding database path with different value: /home/viktorb/.stmcufinder/plugins/mcufinder/ => /home/viktorb/.stmcufinder/plugins/mcufinder
2023-12-20 05:02:25,836 [INFO] CrossReferenceDbSqlite:203 - Set database path to: /home/viktorb/.stmcufinder/plugins/mcufinder//mcu/cs/
2023-12-20 05:02:25,905 [INFO] ApplicationProperties:184 - Using Application install path: /opt/st/stm32cubeide_1.14.0/plugins/com.st.stm32cube.common.mx_6.10.0.202311202037
2023-12-20 05:02:25,909 [INFO] PluginManage:196 - Search for loadable plugins [exclusion list=, ]
2023-12-20 05:02:25,929 [INFO] PluginManage:310 - Check plugin analytics
2023-12-20 05:02:26,362 [INFO] AnalyticsPlugin:253 - Accepted Software Licenses: 
2023-12-20 05:02:26,362 [INFO] AnalyticsPlugin:255 - Accepted CMSIS Pack Licenses: 
2023-12-20 05:02:26,363 [INFO] AnalyticsPlugin:257 - Accepted Firmware Licenses: FW.L4.1.18.0
2023-12-20 05:02:26,365 [INFO] PluginManage:359 - Loaded plugin analytics (category:tool,tabindex:-1)
2023-12-20 05:02:26,365 [INFO] PluginManage:310 - Check plugin cadmodel
2023-12-20 05:02:26,530 [INFO] CADModel:105 - Init CAD model plugin
2023-12-20 05:02:26,531 [INFO] PluginManage:359 - Loaded plugin cadmodel (category:power,tabindex:5)
2023-12-20 05:02:26,531 [INFO] PluginManage:310 - Check plugin clock
2023-12-20 05:02:26,569 [INFO] PluginManage:359 - Loaded plugin clock (category:base,tabindex:2)
2023-12-20 05:02:26,569 [INFO] PluginManage:310 - Check plugin ddr
2023-12-20 05:02:26,577 [INFO] PluginManage:359 - Loaded plugin ddr (category:tool,tabindex:6)
2023-12-20 05:02:26,578 [INFO] PluginManage:310 - Check plugin filemanager
2023-12-20 05:02:27,068 [INFO] PluginManage:359 - Loaded plugin filemanager (category:base,tabindex:10)
2023-12-20 05:02:27,068 [INFO] PluginManage:310 - Check plugin ipmanager
2023-12-20 05:02:27,108 [INFO] PluginManage:359 - Loaded plugin ipmanager (category:base,tabindex:5)
2023-12-20 05:02:27,109 [INFO] PluginManage:310 - Check plugin lpbam
2023-12-20 05:02:27,126 [INFO] PluginManage:359 - Loaded plugin lpbam (category:base,tabindex:0)
2023-12-20 05:02:27,126 [INFO] PluginManage:310 - Check plugin memorymap
2023-12-20 05:02:27,153 [INFO] PluginManage:359 - Loaded plugin memorymap (category:base,tabindex:4)
2023-12-20 05:02:27,153 [INFO] PluginManage:310 - Check plugin pinoutandconfiguration
2023-12-20 05:02:27,162 [INFO] PluginManage:359 - Loaded plugin pinoutandconfiguration (category:base,tabindex:1)
2023-12-20 05:02:27,162 [INFO] PluginManage:310 - Check plugin pinoutconfig
2023-12-20 05:02:27,288 [WARN] SupportedApi:132 - Cannot load RTOS API schema: s4s-elt-must-match.1: The content of 'definitions' must match (annotation?, (simpleType | complexType)?, (unique | key | keyref)*)). A problem was found starting at: attribute.
2023-12-20 05:02:27,505 [INFO] PluginManage:359 - Loaded plugin pinoutconfig (category:base,tabindex:0)
2023-12-20 05:02:27,505 [INFO] PluginManage:310 - Check plugin power
2023-12-20 05:02:27,545 [INFO] PluginManage:359 - Loaded plugin power (category:power,tabindex:4)
2023-12-20 05:02:27,545 [INFO] PluginManage:310 - Check plugin projectmanager
2023-12-20 05:02:27,560 [INFO] PluginManage:359 - Loaded plugin projectmanager (category:projectmanager,tabindex:3)
2023-12-20 05:02:27,561 [INFO] PluginManage:310 - Check plugin thirdparty
2023-12-20 05:02:27,991 [INFO] PluginManage:359 - Loaded plugin thirdparty (category:base,tabindex:-1)
2023-12-20 05:02:27,992 [INFO] PluginManage:310 - Check plugin tools
2023-12-20 05:02:27,991 [WARN] IntegrityCheckThread:84 - waiting for thirdparty lock release [integrity check]
2023-12-20 05:02:27,993 [INFO] IntegrityCheckThread:86 - entering critical section [integrity check]
2023-12-20 05:02:27,994 [INFO] ThirdPartyUpdaterWithRetryManager:70 - Updater plugin not ready yet. [1/15]
2023-12-20 05:02:28,013 [INFO] PluginManage:359 - Loaded plugin tools (category:base,tabindex:7)
2023-12-20 05:02:28,014 [INFO] PluginManage:310 - Check plugin tutovideos
2023-12-20 05:02:28,434 [INFO] PluginManage:359 - Loaded plugin tutovideos (category:base,tabindex:-1)
2023-12-20 05:02:28,435 [INFO] PluginManage:310 - Check plugin updater
2023-12-20 05:02:28,527 [INFO] PluginManage:359 - Loaded plugin updater (category:base,tabindex:12)
2023-12-20 05:02:28,527 [INFO] PluginManage:310 - Check plugin userauth
2023-12-20 05:02:28,553 [INFO] UserAuth:114 - Init User Auth plugin
2023-12-20 05:02:28,554 [INFO] PluginManage:359 - Loaded plugin userauth (category:base,tabindex:14)
2023-12-20 05:02:28,554 [INFO] PluginManage:283 - PluginManage : Loaded plugins [17]
2023-12-20 05:02:29,180 [INFO] PinOutPanel:1499 - setPackage(No Configuration,No Configuration)
2023-12-20 05:02:29,374 [INFO] CADModel:165 - CPN selected for project level
2023-12-20 05:02:29,374 [INFO] CADModel:114 - Register for checkConnection events
2023-12-20 05:02:29,403 [INFO] IPUIPlugin:80 - create IPUIPlugin
2023-12-20 05:02:29,404 [INFO] PluginManager:220 - loadIPPluginJar : add nvic
2023-12-20 05:02:29,419 [INFO] IPUIPlugin:80 - create IPUIPlugin
2023-12-20 05:02:29,422 [INFO] PluginManager:220 - loadIPPluginJar : add plateformsettings
2023-12-20 05:02:29,434 [INFO] IPUIPlugin:80 - create IPUIPlugin
2023-12-20 05:02:29,434 [INFO] PluginManager:220 - loadIPPluginJar : add can
2023-12-20 05:02:29,453 [INFO] IPUIPlugin:80 - create IPUIPlugin
2023-12-20 05:02:29,454 [INFO] PluginManager:220 - loadIPPluginJar : add freertos
2023-12-20 05:02:29,464 [INFO] IPUIPlugin:80 - create IPUIPlugin
2023-12-20 05:02:29,464 [INFO] PluginManager:220 - loadIPPluginJar : add gtzc
2023-12-20 05:02:29,480 [INFO] IPUIPlugin:80 - create IPUIPlugin
2023-12-20 05:02:29,480 [INFO] PluginManager:220 - loadIPPluginJar : add dma
2023-12-20 05:02:29,483 [INFO] IPUIPlugin:80 - create IPUIPlugin
2023-12-20 05:02:29,483 [INFO] PluginManager:220 - loadIPPluginJar : add aes
2023-12-20 05:02:29,485 [INFO] IPUIPlugin:80 - create IPUIPlugin
2023-12-20 05:02:29,486 [INFO] PluginManager:220 - loadIPPluginJar : add comp
2023-12-20 05:02:29,518 [INFO] IPUIPlugin:80 - create IPUIPlugin
2023-12-20 05:02:29,519 [INFO] PluginManager:220 - loadIPPluginJar : add resmgrutility
2023-12-20 05:02:29,532 [INFO] IPUIPlugin:80 - create IPUIPlugin
2023-12-20 05:02:29,533 [INFO] PluginManager:220 - loadIPPluginJar : add tsc
2023-12-20 05:02:29,547 [INFO] IPUIPlugin:80 - create IPUIPlugin
2023-12-20 05:02:29,547 [INFO] PluginManager:220 - loadIPPluginJar : add lorawan
2023-12-20 05:02:29,552 [INFO] IPUIPlugin:80 - create IPUIPlugin
2023-12-20 05:02:29,552 [INFO] PluginManager:220 - loadIPPluginJar : add ts
2023-12-20 05:02:29,558 [INFO] IPUIPlugin:80 - create IPUIPlugin
2023-12-20 05:02:29,558 [INFO] PluginManager:220 - loadIPPluginJar : add usart
2023-12-20 05:02:29,563 [INFO] IPUIPlugin:80 - create IPUIPlugin
2023-12-20 05:02:29,564 [INFO] PluginManager:220 - loadIPPluginJar : add i2c
2023-12-20 05:02:29,574 [INFO] IPUIPlugin:80 - create IPUIPlugin
2023-12-20 05:02:29,574 [INFO] PluginManager:220 - loadIPPluginJar : add touchsensing
2023-12-20 05:02:29,580 [INFO] IPUIPlugin:80 - create IPUIPlugin
2023-12-20 05:02:29,580 [INFO] PluginManager:220 - loadIPPluginJar : add cryp
2023-12-20 05:02:29,595 [INFO] IPUIPlugin:80 - create IPUIPlugin
2023-12-20 05:02:29,595 [INFO] PluginManager:220 - loadIPPluginJar : add adc
2023-12-20 05:02:29,601 [INFO] IPUIPlugin:80 - create IPUIPlugin
2023-12-20 05:02:29,601 [INFO] PluginManager:220 - loadIPPluginJar : add opamp
2023-12-20 05:02:29,607 [INFO] IPUIPlugin:80 - create IPUIPlugin
2023-12-20 05:02:29,607 [INFO] PluginManager:220 - loadIPPluginJar : add dma3
2023-12-20 05:02:29,610 [INFO] IPUIPlugin:80 - create IPUIPlugin
2023-12-20 05:02:29,610 [INFO] PluginManager:220 - loadIPPluginJar : add genericplugin
2023-12-20 05:02:29,615 [INFO] IPUIPlugin:80 - create IPUIPlugin
2023-12-20 05:02:29,616 [INFO] PluginManager:220 - loadIPPluginJar : add spi
2023-12-20 05:02:29,619 [INFO] IPUIPlugin:80 - create IPUIPlugin
2023-12-20 05:02:29,620 [INFO] PluginManager:220 - loadIPPluginJar : add tim
2023-12-20 05:02:29,626 [INFO] IPUIPlugin:80 - create IPUIPlugin
2023-12-20 05:02:29,627 [INFO] PluginManager:220 - loadIPPluginJar : add sai
2023-12-20 05:02:29,633 [INFO] IPUIPlugin:80 - create IPUIPlugin
2023-12-20 05:02:29,633 [INFO] PluginManager:220 - loadIPPluginJar : add usbx
2023-12-20 05:02:29,657 [INFO] IPUIPlugin:80 - create IPUIPlugin
2023-12-20 05:02:29,657 [INFO] PluginManager:220 - loadIPPluginJar : add mdma
2023-12-20 05:02:29,670 [INFO] IPUIPlugin:80 - create IPUIPlugin
2023-12-20 05:02:29,671 [INFO] PluginManager:220 - loadIPPluginJar : add ipddr
2023-12-20 05:02:29,688 [INFO] IPUIPlugin:80 - create IPUIPlugin
2023-12-20 05:02:29,689 [INFO] PluginManager:220 - loadIPPluginJar : add gpio
2023-12-20 05:02:29,701 [INFO] IPUIPlugin:80 - create IPUIPlugin
2023-12-20 05:02:29,702 [INFO] PluginManager:220 - loadIPPluginJar : add stm32_wpan
2023-12-20 05:02:29,705 [INFO] IPUIPlugin:80 - create IPUIPlugin
2023-12-20 05:02:29,705 [INFO] PluginManager:220 - loadIPPluginJar : add quadspi
2023-12-20 05:02:29,711 [INFO] IPUIPlugin:80 - create IPUIPlugin
2023-12-20 05:02:29,712 [INFO] PluginManager:220 - loadIPPluginJar : add openamp
2023-12-20 05:02:29,717 [INFO] IPUIPlugin:80 - create IPUIPlugin
2023-12-20 05:02:29,717 [INFO] PluginManager:220 - loadIPPluginJar : add i3c
2023-12-20 05:02:29,720 [INFO] IPUIPlugin:80 - create IPUIPlugin
2023-12-20 05:02:29,720 [INFO] PluginManager:220 - loadIPPluginJar : add fatfs
2023-12-20 05:02:29,725 [INFO] IPUIPlugin:80 - create IPUIPlugin
2023-12-20 05:02:29,725 [INFO] PluginManager:220 - loadIPPluginJar : add i2s
2023-12-20 05:02:29,735 [INFO] IPUIPlugin:80 - create IPUIPlugin
2023-12-20 05:02:29,735 [INFO] PluginManager:220 - loadIPPluginJar : add fmc
2023-12-20 05:02:29,738 [INFO] IPUIPlugin:80 - create IPUIPlugin
2023-12-20 05:02:29,738 [INFO] PluginManager:220 - loadIPPluginJar : add ltdc
2023-12-20 05:02:29,755 [INFO] IPUIPlugin:80 - create IPUIPlugin
2023-12-20 05:02:29,755 [INFO] PluginManager:220 - loadIPPluginJar : add linkedlist
2023-12-20 05:02:29,760 [INFO] IPUIPlugin:80 - create IPUIPlugin
2023-12-20 05:02:29,760 [INFO] PluginManager:220 - loadIPPluginJar : add gfxmmu
2023-12-20 05:02:29,765 [INFO] IPUIPlugin:80 - create IPUIPlugin
2023-12-20 05:02:29,765 [INFO] PluginManager:220 - loadIPPluginJar : add hash
2023-12-20 05:02:29,770 [INFO] IPUIPlugin:80 - create IPUIPlugin
2023-12-20 05:02:29,771 [INFO] PluginManager:220 - loadIPPluginJar : add dfsdm
2023-12-20 05:02:29,785 [INFO] IPUIPlugin:80 - create IPUIPlugin
2023-12-20 05:02:29,785 [INFO] PluginManager:220 - loadIPPluginJar : add gic
2023-12-20 05:02:29,789 [INFO] IPUIPlugin:80 - create IPUIPlugin
2023-12-20 05:02:29,789 [INFO] PluginManager:220 - loadIPPluginJar : add pdm2pcm
2023-12-20 05:02:29,792 [INFO] IPUIPlugin:80 - create IPUIPlugin
2023-12-20 05:02:29,793 [INFO] PluginManager:220 - loadIPPluginJar : add tracer_emb
2023-12-20 05:02:29,795 [INFO] IPUIPlugin:80 - create IPUIPlugin
2023-12-20 05:02:29,795 [INFO] PluginManager:220 - loadIPPluginJar : add ucpd
2023-12-20 05:02:29,985 [INFO] CADModel:165 - CPN selected for project level
2023-12-20 05:02:29,985 [INFO] CADModel:114 - Register for checkConnection events
2023-12-20 05:02:29,986 [FATAL] Updater:308 - Updater called before beeing initialized
2023-12-20 05:02:29,987 [ERROR] CADModel:125 - Updater not yet initialized, retry later 
2023-12-20 05:02:30,358 [INFO] CADModel:165 - CPN selected for project level
2023-12-20 05:02:30,358 [INFO] CADModel:114 - Register for checkConnection events
2023-12-20 05:02:30,359 [FATAL] Updater:308 - Updater called before beeing initialized
2023-12-20 05:02:30,359 [ERROR] CADModel:125 - Updater not yet initialized, retry later 
2023-12-20 05:02:30,363 [FATAL] Updater:308 - Updater called before beeing initialized
2023-12-20 05:02:30,499 [FATAL] Updater:308 - Updater called before beeing initialized
2023-12-20 05:02:30,525 [INFO] DbMcusAds:53 - JSON generation date=Wed Nov 29 11:52:38 CET 2023 (1701255158764)
2023-12-20 05:02:30,525 [FATAL] Updater:308 - Updater called before beeing initialized
2023-12-20 05:02:30,715 [WARN] DetailPanel:346 - Failed to get advertising image, set to default
2023-12-20 05:02:30,839 [FATAL] Updater:308 - Updater called before beeing initialized
2023-12-20 05:02:30,840 [FATAL] Updater:308 - Updater called before beeing initialized
2023-12-20 05:02:30,841 [FATAL] Updater:308 - Updater called before beeing initialized
2023-12-20 05:02:30,841 [WARN] DetailPanel:346 - Failed to get advertising image, set to default
2023-12-20 05:02:30,841 [FATAL] Updater:308 - Updater called before beeing initialized
2023-12-20 05:02:30,904 [ERROR] Updater:1120 - MainUpdater not yet initialized. External WinMGr cannot be set.
2023-12-20 05:02:30,908 [INFO] Updater:1056 - Updater Version found : 6.10.0
2023-12-20 05:02:30,941 [INFO] ApplicationProperties:184 - Using Application install path: /opt/st/stm32cubeide_1.14.0/plugins/com.st.stm32cube.common.mx_6.10.0.202311202037
2023-12-20 05:02:30,995 [INFO] ThirdPartyUpdaterWithRetryManager:70 - Updater plugin not ready yet. [2/15]
2023-12-20 05:02:31,675 [INFO] MainUpdater:2873 - connection check result : 10
2023-12-20 05:02:31,676 [INFO] MainUpdater:290 - Updater Check For Update Now.
2023-12-20 05:02:31,677 [INFO] MicroXplorer:498 - Change Database Version : DB.6.0.100
2023-12-20 05:02:31,687 [INFO] McuFinderGlobals:63 - Set McuFinder mode to 2 (CubeIDE integrated)
2023-12-20 05:02:31,995 [INFO] CheckServerUpdateThread:120 - End of CheckServer Thread
2023-12-20 05:02:32,030 [INFO] UserAuth:404 - Internet connection configuration mode: 1
2023-12-20 05:02:32,184 [INFO] JxBrowserEngine:152 - Initiate JxBrowser Engine with user profile folder
2023-12-20 05:02:34,942 [WARN] PackLoader:240 - Cannot read IP mode file for STMicroelectronics.X-CUBE-SMBUS.2.1.0
2023-12-20 05:02:34,979 [WARN] PackLoader:240 - Cannot read IP mode file for STMicroelectronics.X-CUBE-TOUCHGFX.4.23.0
2023-12-20 05:02:35,136 [WARN] PackLoader:240 - Cannot read IP mode file for STMicroelectronics.X-CUBE-AZRTOS-F7.1.1.0
2023-12-20 05:02:35,210 [WARN] PackLoader:240 - Cannot read IP mode file for STMicroelectronics.FP-SNS-MOTENV1.4.3.2
2023-12-20 05:02:35,215 [WARN] PackLoader:240 - Cannot read IP mode file for STMicroelectronics.FP-SNS-FLIGHT1.5.0.2
2023-12-20 05:02:35,255 [WARN] PackLoader:240 - Cannot read IP mode file for STMicroelectronics.X-CUBE-DISPLAY.3.0.0
2023-12-20 05:02:35,287 [WARN] PackLoader:240 - Cannot read IP mode file for STMicroelectronics.X-CUBE-BLE1.7.0.0
2023-12-20 05:02:35,344 [WARN] PackLoader:240 - Cannot read IP mode file for emotas.I-CUBE-CANOPEN.1.3.0
2023-12-20 05:02:35,367 [WARN] PackLoader:240 - Cannot read IP mode file for STMicroelectronics.X-CUBE-TOUCHGFX.4.22.1
2023-12-20 05:02:35,370 [WARN] PackLoader:240 - Cannot read IP mode file for STMicroelectronics.FP-SNS-SMARTAG2.1.2.0
2023-12-20 05:02:35,439 [INFO] LogOutputStream:77 - [STDOUT_REDIRECT] 1 : Invalid condition id : UX_CORESTACK_Condition cause : null
2023-12-20 05:02:35,446 [INFO] LogOutputStream:77 - [STDOUT_REDIRECT] 1 : Invalid condition id : UX_CORESTACK_Condition cause : null
2023-12-20 05:02:35,451 [INFO] LogOutputStream:77 - [STDOUT_REDIRECT] 1 : Invalid condition id : UX_CORESTACK_Condition cause : null
2023-12-20 05:02:35,452 [INFO] LogOutputStream:77 - [STDOUT_REDIRECT] 1 : Invalid condition id : UX_CORESTACK_Condition cause : null
2023-12-20 05:02:35,453 [INFO] LogOutputStream:77 - [STDOUT_REDIRECT] 1 : Invalid condition id : UX_CORESTACK_Condition cause : null
2023-12-20 05:02:35,465 [WARN] PackLoader:240 - Cannot read IP mode file for STMicroelectronics.X-CUBE-AZRTOS-WL.2.0.0
2023-12-20 05:02:35,520 [WARN] PackLoader:240 - Cannot read IP mode file for WES.I-CUBE-Cesium.1.3.0
2023-12-20 05:02:35,545 [WARN] PackLoader:240 - Cannot read IP mode file for STMicroelectronics.X-CUBE-BLE2.3.3.0
2023-12-20 05:02:35,577 [WARN] PackLoader:240 - Cannot read IP mode file for STMicroelectronics.X-CUBE-ALGOBUILD.1.3.0
2023-12-20 05:02:35,686 [WARN] PackLoader:240 - Cannot read IP mode file for STMicroelectronics.X-CUBE-AZRTOS-G0.1.1.0
2023-12-20 05:02:35,748 [WARN] PackLoader:240 - Cannot read IP mode file for STMicroelectronics.X-CUBE-NFC4.3.0.0
2023-12-20 05:02:35,756 [WARN] PackLoader:240 - Cannot read IP mode file for STMicroelectronics.X-CUBE-BLEMGR.3.0.0
2023-12-20 05:02:35,762 [WARN] PackLoader:240 - Cannot read IP mode file for STMicroelectronics.FP-ATR-SIGFOX1.3.2.0
2023-12-20 05:02:35,797 [WARN] PackLoader:240 - Cannot read IP mode file for STMicroelectronics.X-CUBE-GNSS1.6.0.0
2023-12-20 05:02:35,885 [WARN] PackLoader:240 - Cannot read IP mode file for STMicroelectronics.X-CUBE-AZRTOS-F4.1.1.0
2023-12-20 05:02:35,902 [WARN] PackLoader:240 - Cannot read IP mode file for wolfSSL.I-CUBE-wolfSSL.5.6.3
2023-12-20 05:02:36,063 [WARN] PackLoader:240 - Cannot read IP mode file for STMicroelectronics.X-CUBE-AZRTOS-L5.2.0.0
2023-12-20 05:02:36,081 [WARN] PackLoader:240 - Cannot read IP mode file for STMicroelectronics.X-CUBE-EEPRMA1.4.2.0
2023-12-20 05:02:36,111 [WARN] PackLoader:240 - Cannot read IP mode file for ITTIA_DB.I-CUBE-ITTIADB.8.8.0
2023-12-20 05:02:36,180 [WARN] ConditionMgr:438 - getConditionDescription Invalid condition id : UX DEVICE CLASS RTOS Condition cause : null
2023-12-20 05:02:36,180 [WARN] ConditionMgr:438 - getConditionDescription Invalid condition id : UX DEVICE CLASS RTOS Condition cause : null
2023-12-20 05:02:36,183 [WARN] PackLoader:240 - Cannot read IP mode file for STMicroelectronics.X-CUBE-AZRTOS-H7.3.1.0
2023-12-20 05:02:36,184 [WARN] ConditionMgr:1039 - genDependencies : Invalid condition id : UX DEVICE CLASS RTOS Condition cause : null
2023-12-20 05:02:36,184 [WARN] ConditionMgr:1039 - genDependencies : Invalid condition id : UX DEVICE CLASS RTOS Condition cause : null
2023-12-20 05:02:36,185 [WARN] ConditionMgr:1039 - genDependencies : Invalid condition id : UX DEVICE CLASS RTOS Condition cause : null
2023-12-20 05:02:36,185 [WARN] ConditionMgr:1039 - genDependencies : Invalid condition id : UX DEVICE CLASS RTOS Condition cause : null
2023-12-20 05:02:36,185 [WARN] ConditionMgr:1039 - genDependencies : Invalid condition id : UX DEVICE CLASS RTOS Condition cause : null
2023-12-20 05:02:36,200 [WARN] PackLoader:240 - Cannot read IP mode file for STMicroelectronics.X-CUBE-NFC7.1.0.1
2023-12-20 05:02:36,249 [WARN] PackLoader:240 - Cannot read IP mode file for STMicroelectronics.X-CUBE-NFC6.3.0.0
2023-12-20 05:02:36,254 [WARN] PackLoader:240 - Cannot read IP mode file for STMicroelectronics.X-CUBE-AI.8.1.0
2023-12-20 05:02:36,361 [WARN] ConditionMgr:438 - getConditionDescription Invalid condition id : LAN8742 Phy interface Condition cause : null
2023-12-20 05:02:36,362 [WARN] PackLoader:240 - Cannot read IP mode file for STMicroelectronics.X-CUBE-AZRTOS-L4.2.0.0
2023-12-20 05:02:36,363 [WARN] ConditionMgr:1039 - genDependencies : Invalid condition id : LAN8742 Phy interface Condition cause : null
2023-12-20 05:02:36,363 [WARN] ConditionMgr:1039 - genDependencies : Invalid condition id : LAN8742 Phy interface Condition cause : null
2023-12-20 05:02:36,364 [WARN] ConditionMgr:1039 - genDependencies : Invalid condition id : LAN8742 Phy interface Condition cause : null
2023-12-20 05:02:36,372 [WARN] PackLoader:240 - Cannot read IP mode file for STMicroelectronics.X-CUBE-SFXS2LP1.4.0.0
2023-12-20 05:02:36,381 [WARN] PackLoader:240 - Cannot read IP mode file for STMicroelectronics.X-CUBE-ISPU.1.1.0
2023-12-20 05:02:36,428 [WARN] ConditionMgr:438 - getConditionDescription Invalid condition id : UX DEVICE CLASS RTOS Condition cause : null
2023-12-20 05:02:36,428 [WARN] ConditionMgr:438 - getConditionDescription Invalid condition id : UX DEVICE CLASS RTOS Condition cause : null
2023-12-20 05:02:36,430 [WARN] PackLoader:240 - Cannot read IP mode file for STMicroelectronics.X-CUBE-AZRTOS-WB.2.0.0
2023-12-20 05:02:36,430 [WARN] ConditionMgr:1039 - genDependencies : Invalid condition id : UX DEVICE CLASS RTOS Condition cause : null
2023-12-20 05:02:36,430 [WARN] ConditionMgr:1039 - genDependencies : Invalid condition id : UX DEVICE CLASS RTOS Condition cause : null
2023-12-20 05:02:36,431 [WARN] ConditionMgr:1039 - genDependencies : Invalid condition id : UX DEVICE CLASS RTOS Condition cause : null
2023-12-20 05:02:36,431 [WARN] ConditionMgr:1039 - genDependencies : Invalid condition id : UX DEVICE CLASS RTOS Condition cause : null
2023-12-20 05:02:36,431 [WARN] ConditionMgr:1039 - genDependencies : Invalid condition id : UX DEVICE CLASS RTOS Condition cause : null
2023-12-20 05:02:36,497 [WARN] PackLoader:240 - Cannot read IP mode file for STMicroelectronics.X-CUBE-SUBG2.5.0.0
2023-12-20 05:02:36,592 [WARN] PackLoader:240 - Cannot read IP mode file for STMicroelectronics.X-CUBE-TOF1.3.3.1
2023-12-20 05:02:36,684 [WARN] PackLoader:240 - Cannot read IP mode file for STMicroelectronics.X-CUBE-AZRTOS-G4.2.0.0
2023-12-20 05:02:36,733 [WARN] PackLoader:240 - Cannot read IP mode file for Infineon.AIROC-Wi-Fi-Bluetooth-STM32.1.5.1
2023-12-20 05:02:36,780 [WARN] PackLoader:240 - Cannot read IP mode file for STMicroelectronics.FP-SNS-MOTENVWB1.1.3.0
2023-12-20 05:02:36,810 [WARN] PackLoader:240 - Cannot read IP mode file for STMicroelectronics.FP-SNS-MOTENVWB1.1.3.1
2023-12-20 05:02:36,836 [WARN] PackLoader:240 - Cannot read IP mode file for STMicroelectronics.X-CUBE-ISPU.2.0.0
2023-12-20 05:02:36,936 [WARN] PackLoader:240 - Cannot read IP mode file for STMicroelectronics.X-CUBE-MEMS1.10.0.0
2023-12-20 05:02:37,136 [WARN] PackLoader:240 - Cannot read IP mode file for STMicroelectronics.X-CUBE-FREERTOS.1.1.0
2023-12-20 05:02:37,188 [WARN] PackLoader:240 - Cannot read IP mode file for portGmbH.I-Cube-SoM-uGOAL.1.1.0
2023-12-20 05:02:37,204 [WARN] PackLoader:240 - Cannot read IP mode file for STMicroelectronics.X-CUBE-ALS.1.0.1
2023-12-20 05:02:37,223 [WARN] PackLoader:240 - Cannot read IP mode file for STMicroelectronics.FP-ATR-ASTRA1.2.0.0
2023-12-20 05:02:37,278 [WARN] PackLoader:240 - Cannot read IP mode file for STMicroelectronics.X-CUBE-TOF1.3.4.0
2023-12-20 05:02:37,358 [WARN] PackLoader:240 - Cannot read IP mode file for STMicroelectronics.X-CUBE-AZRTOS-H7.3.2.0
2023-12-20 05:02:37,361 [INFO] ThirdParty:978 - Integrity check success = true
2023-12-20 05:02:37,362 [INFO] IntegrityCheckThread:100 - exiting critical section [integrity check]
2023-12-20 05:02:37,362 [INFO] IntegrityCheckThread:103 - End integrity checks thread
2023-12-20 05:02:53,270 [INFO] WebApp:161 - Instantiating new browser for Auth
2023-12-20 05:03:07,778 [INFO] WebApp:780 - Register for checkConnection events
2023-12-20 05:03:07,779 [INFO] WebApp:414 - Apply proxy settings
2023-12-20 05:03:07,780 [INFO] WebApp:499 - Chromium requires no authentication
2023-12-20 05:03:07,811 [INFO] WebApp:442 - Direct internet connection detected
2023-12-20 05:03:09,830 [INFO] WebApp:192 - Starting web application
2023-12-20 05:03:09,830 [INFO] WebApp:544 - Web application path used /opt/st/stm32cubeide_1.14.0/plugins/com.st.stm32cube.common.mx_6.10.0.202311202037/db/plugins/mcufinder/reactClient1/index.html
2023-12-20 05:03:34,222 [ERROR] LogOutputStream:75 - [STDERR_REDIRECT] SLF4J: Failed to load class "org.slf4j.impl.StaticLoggerBinder".
2023-12-20 05:03:34,223 [ERROR] LogOutputStream:75 - [STDERR_REDIRECT] SLF4J: Defaulting to no-operation (NOP) logger implementation
2023-12-20 05:03:34,224 [ERROR] LogOutputStream:75 - [STDERR_REDIRECT] SLF4J: See http://www.slf4j.org/codes.html#StaticLoggerBinder for further details.
2023-12-20 05:15:47,872 [INFO] McuFinderGlobals:63 - Set McuFinder mode to 2 (CubeIDE integrated)
2023-12-20 05:15:47,880 [INFO] MainUpdater:2873 - connection check result : 10
2023-12-20 05:15:47,881 [INFO] MainUpdater:2873 - connection check result : 10
2023-12-20 05:15:48,088 [INFO] MicroXplorer:468 - Change Database Path : 
2023-12-20 05:15:48,088 [INFO] MicroXplorer:498 - Change Database Version : DB.6.0.100
2023-12-20 05:15:48,103 [WARN] ThirdParty:871 - waiting for thirdparty lock release [close project]
2023-12-20 05:15:48,103 [INFO] ThirdParty:873 - entering critical section [close project]
2023-12-20 05:15:48,148 [INFO] ThirdParty:883 - exiting critical section [close project]
2023-12-20 05:15:48,160 [INFO] PinOutPanel:1499 - setPackage(No Configuration,No Configuration)
2023-12-20 05:15:48,174 [INFO] UtilMem:75 - Begin LoadConfig() Used Memory: 640334024 Bytes (1048576000)
2023-12-20 05:15:48,181 [INFO] MicroXplorer:468 - Change Database Path : 
2023-12-20 05:15:48,182 [INFO] MicroXplorer:498 - Change Database Version : DB.6.0.100
2023-12-20 05:15:48,182 [INFO] OpenFileManager:312 - Change cursor
2023-12-20 05:15:48,403 [INFO] Mcu:2016 - Initializing MCU STM32L476R(C-E-G)Tx STM32L476RGTx STM32L476RGT3
2023-12-20 05:15:51,505 [INFO] Context:659 - Trying to add GPIOservice into a context  which must be forbidden
2023-12-20 05:15:52,534 [INFO] RtosManager:555 - Registered RTOS mode: class=CMSIS, group=RTOS, mode=CMSIS_V1, owner=FREERTOS
2023-12-20 05:15:52,534 [INFO] RtosManager:555 - Registered RTOS mode: class=CMSIS, group=RTOS2, mode=CMSIS_V2, owner=FREERTOS
2023-12-20 05:15:52,534 [INFO] RtosManager:555 - Registered RTOS mode: class=RTOS, group=Core, mode=CMSIS_V1, owner=FREERTOS
2023-12-20 05:15:52,534 [INFO] RtosManager:555 - Registered RTOS mode: class=RTOS, group=Core, mode=CMSIS_V2, owner=FREERTOS
2023-12-20 05:15:52,535 [WARN] ModelIntegratedComponent:184 - Missing modes for component STMicroelectronics:FreeRTOS:0.0.1:STMicroelectronics:RTOS:FreeRTOS:Core:::10.2.0:
2023-12-20 05:15:52,569 [WARN] ModelIntegratedComponent:63 - No mode defined for component null
2023-12-20 05:15:52,569 [WARN] ModelIntegratedComponent:63 - No mode defined for component null
2023-12-20 05:15:52,569 [WARN] ModelIntegratedComponent:63 - No mode defined for component null
2023-12-20 05:15:52,569 [WARN] ModelIntegratedComponent:63 - No mode defined for component null
2023-12-20 05:15:52,569 [WARN] ModelIntegratedComponent:63 - No mode defined for component null
2023-12-20 05:15:52,569 [WARN] ModelIntegratedComponent:63 - No mode defined for component null
2023-12-20 05:15:52,569 [WARN] ModelIntegratedComponent:63 - No mode defined for component null
2023-12-20 05:15:52,570 [WARN] ModelIntegratedComponent:63 - No mode defined for component null
2023-12-20 05:15:52,570 [WARN] ModelIntegratedComponent:63 - No mode defined for component null
2023-12-20 05:15:52,570 [WARN] ModelIntegratedComponent:63 - No mode defined for component null
2023-12-20 05:15:52,570 [WARN] ModelIntegratedComponent:63 - No mode defined for component null
2023-12-20 05:15:52,570 [WARN] ModelIntegratedComponent:63 - No mode defined for component null
2023-12-20 05:15:52,570 [WARN] ModelIntegratedComponent:63 - No mode defined for component null
2023-12-20 05:15:52,570 [WARN] ModelIntegratedComponent:63 - No mode defined for component null
2023-12-20 05:15:52,570 [WARN] ModelIntegratedComponent:63 - No mode defined for component null
2023-12-20 05:15:52,570 [WARN] ModelIntegratedComponent:63 - No mode defined for component null
2023-12-20 05:15:52,570 [WARN] ModelIntegratedComponent:63 - No mode defined for component null
2023-12-20 05:15:52,570 [WARN] ModelIntegratedComponent:63 - No mode defined for component null
2023-12-20 05:15:52,570 [WARN] ModelIntegratedComponent:63 - No mode defined for component null
2023-12-20 05:15:52,570 [WARN] ModelIntegratedComponent:63 - No mode defined for component null
2023-12-20 05:15:52,570 [WARN] ModelIntegratedComponent:63 - No mode defined for component null
2023-12-20 05:15:52,570 [WARN] ModelIntegratedComponent:63 - No mode defined for component null
2023-12-20 05:15:52,570 [WARN] ModelIntegratedComponent:63 - No mode defined for component null
2023-12-20 05:15:52,570 [WARN] ModelIntegratedComponent:63 - No mode defined for component null
2023-12-20 05:15:52,570 [WARN] ModelIntegratedComponent:63 - No mode defined for component null
2023-12-20 05:15:52,570 [WARN] ModelIntegratedComponent:63 - No mode defined for component null
2023-12-20 05:15:52,571 [WARN] ModelIntegratedComponent:63 - No mode defined for component null
2023-12-20 05:15:52,571 [WARN] ModelIntegratedComponent:63 - No mode defined for component null
2023-12-20 05:15:52,571 [WARN] ModelIntegratedComponent:63 - No mode defined for component null
2023-12-20 05:15:52,571 [WARN] ModelIntegratedComponent:63 - No mode defined for component null
2023-12-20 05:15:52,571 [WARN] ModelIntegratedComponent:63 - No mode defined for component null
2023-12-20 05:15:52,571 [WARN] ModelIntegratedComponent:63 - No mode defined for component null
2023-12-20 05:15:52,571 [WARN] ModelIntegratedComponent:63 - No mode defined for component null
2023-12-20 05:15:52,675 [INFO] ThirdPartyModel:298 - Start build external matchings
2023-12-20 05:15:53,012 [INFO] ThirdPartyModel:316 - End build external matchings
2023-12-20 05:15:53,026 [INFO] ImportTextPane:194 - (OptionalMessage_ERROR) IP (RCC) : Invalid parameter (FamilyName)
2023-12-20 05:15:53,028 [INFO] ImportTextPane:194 - (OptionalMessage_ERROR) IP (RCC) : Parameter (RNGFreq_Value) has invalid value (64000000)
2023-12-20 05:15:53,028 [INFO] ImportTextPane:194 - (OptionalMessage_ERROR) IP (RCC) : Parameter (SDMMCFreq_Value) has invalid value (64000000)
2023-12-20 05:15:53,028 [INFO] ImportTextPane:194 - (OptionalMessage_ERROR) IP (RCC) : Parameter (USBFreq_Value) has invalid value (64000000)
2023-12-20 05:15:53,401 [INFO] UtilMem:75 - End LoadConfig() Used Memory: 489283880 Bytes (1010827264)
2023-12-20 05:15:53,628 [INFO] ApiDb:581 - Connected to CubeFinder SQLite database (/home/viktorb/.stmcufinder/plugins/mcufinder/mcu/cube-finder-db.db)
2023-12-20 05:15:53,894 [INFO] ApiDb:668 - CubeFinder database Data Model version=2.1
2023-12-20 05:15:53,895 [INFO] ApiDb:669 - CubeFinder database Configuration version=3.0.39
2023-12-20 05:15:53,897 [INFO] ApiDb:670 - CubeFinder database generation date=2023-11-06 (1699269565)
2023-12-20 05:15:53,898 [INFO] ApiDb:671 - CubeFinder database FW Pack versions=[FP-ATR-ASTRA1_V2.0.0, FP-SNS-FLIGHT1_V5.0.1, FP-SNS-FLIGHT1_V5.0.2, FP-SNS-MOTENV1_V4.3.1, FP-SNS-MOTENV1_V4.3.2, FP-SNS-MOTENVWB1_V1.3.0, FP-SNS-SMARTAG2_V1.2.0, STM32Cube_FW_C0_V1.1.0, STM32Cube_FW_F4_V1.28.0, STM32Cube_FW_F7_V1.17.0, STM32Cube_FW_G0_V1.6.1, STM32Cube_FW_G4_V1.5.1, STM32Cube_FW_H5_V0.5.1, STM32Cube_FW_H5_V1.1.1, STM32Cube_FW_H5_V1.2.0RC2, STM32Cube_FW_H7_V1.11.0, STM32Cube_FW_L0_V1.12.2, STM32Cube_FW_L5_V1.5.0, STM32Cube_FW_U5_V1.3.0RC4, STM32Cube_FW_U5_V1.4.0, STM32Cube_FW_WBA_V1.0.0RC1, STM32Cube_FW_WBA_V1.1.0RC1, STM32Cube_FW_WBA_V1.2.0, STM32Cube_FW_WBA_V1.2.0RC2, STM32Cube_FW_WB_V1.15.0RC1, STM32Cube_FW_WB_V1.16.0, STM32Cube_FW_WB_V1.16.0RC2, STM32Cube_FW_WB_V1.18.0, STM32Cube_FW_WL_V1.3.0, X-CUBE-ALGOBUILD_V1.3.0, X-CUBE-ALS_V1.0.1, X-CUBE-AZRTOS-F4_V1.1.0, X-CUBE-AZRTOS-F7_V1.1.0, X-CUBE-AZRTOS-G0_V1.1.0, X-CUBE-AZRTOS-G4_V2.0.0, X-CUBE-AZRTOS-H7_V3.1.0, X-CUBE-AZRTOS-L4_V1.0.0, X-CUBE-AZRTOS-L4_V2.0.0, X-CUBE-AZRTOS-L5_V1.1.0, X-CUBE-AZRTOS-WB_V2.0.0, X-CUBE-AZRTOS-WL_V2.0.0, X-CUBE-BLE1_V7.0.0, X-CUBE-BLE2_V3.3.0, X-CUBE-BLEMGR_V2.0.0, X-CUBE-EEPRMA1_V4.1.0, X-CUBE-EEPRMA1_V4.2.0, X-CUBE-FREERTOS_V1.1.0, X-CUBE-GNSS1_V6.0.0, X-CUBE-MEMS1_V10.0.0, X-CUBE-MEMS1_V9.1.0, X-CUBE-MEMS1_V9.4.0, X-CUBE-MEMS1_V9.6.0, X-CUBE-NFC4_V3.0.0, X-CUBE-NFC7_V1.0.1, X-CUBE-SFXS2LP1_V4.0.0, X-CUBE-SUBG2_V5.0.0, X-CUBE-TOF1_V3.3.1]
2023-12-20 05:15:58,296 [INFO] ApiDb:240 - Found 371 in-development CPN: [B-G473E-ZEST1S, B-WB1M-WPAN1, B-WL5M-SUBG1, NUCLEO-C031C6, NUCLEO-H503RB, NUCLEO-H563ZI, NUCLEO-U545RE-Q, NUCLEO-U5A5ZJ-Q, NUCLEO-WBA52CG, NUCLEO-WBA55CG, STEVAL-MKBOXPRO, STEVAL-PROTEUS1, STEVAL-STWINBX1, STM320518-EVAL, STM32C0116-DK, STM32C011D6Y3TR, STM32C011D6Y6TR, STM32C011F4P3, STM32C011F4P6, STM32C011F4U3, STM32C011F4U6TR, STM32C011F6P3, STM32C011F6P6, STM32C011F6U3, STM32C011F6U6TR, STM32C011J4M3, STM32C011J4M6, STM32C011J6M3, STM32C011J6M6, STM32C0316-DK, STM32C031C4T3, STM32C031C4T6, STM32C031C4U3, STM32C031C4U6, STM32C031C6T3, STM32C031C6T6, STM32C031C6U3, STM32C031C6U6, STM32C031F4P3, STM32C031F4P6, STM32C031F6P3, STM32C031F6P6, STM32C031G4U3, STM32C031G4U6, STM32C031G6U3, STM32C031G6U6, STM32C031K4T3, STM32C031K4T6, STM32C031K4U3, STM32C031K4U6, STM32C031K6T3, STM32C031K6T6, STM32C031K6U3, STM32C031K6U6, STM32G071K8TXN, STM32G071K8UXN, STM32G081GBU6N, STM32G081KBT6N, STM32G081KBUXN, STM32G0B1CCT6N, STM32G0B1KCT6, STM32G0B1NEY6TR, STM32G0B1RCT6N, STM32G0C1CCT6, STM32G0C1CCT6N, STM32G0C1CCU6N, STM32G0C1CET6N, STM32G0C1CEU6N, STM32G0C1KCT6, STM32G0C1NEY6TR, STM32G0C1RCI6N, STM32G0C1RCT6N, STM32G0C1REI6N, STM32G0C1RET6N, STM32G0C1VCI6, STM32G0C1VEI6, STM32G471CCT6, STM32G471CCU6, STM32G471CET3, STM32G471CET6, STM32G471CEU3, STM32G471CEU6, STM32G471MCT6, STM32G471MET3, STM32G471MET6, STM32G471MEY6TR, STM32G471QCT6, STM32G471QET3, STM32G471RCT6, STM32G471RET3, STM32G471RET6, STM32G471VCH6, STM32G471VCI6, STM32G471VCT6, STM32G471VEH3, STM32G471VEH6, STM32G471VEI3, STM32G471VEI6, STM32G471VET3, STM32G471VET6, STM32G474CCT6, STM32H503CBT6, STM32H503CBU6, STM32H503EBY6TR, STM32H503KBU6, STM32H503RBT6, STM32H562AGI6, STM32H562AII6, STM32H562IGK6, STM32H562IGT6, STM32H562IIK6, STM32H562IIT6, STM32H562RGT6, STM32H562RGV6, STM32H562RIT6, STM32H562RIV6, STM32H562VGT6, STM32H562VIT6, STM32H562ZGT6, STM32H562ZIT6, STM32H563AGI6, STM32H563AII3Q, STM32H563AII6, STM32H563IGK6, STM32H563IGT6, STM32H563IIK3Q, STM32H563IIK6, STM32H563IIT3Q, STM32H563IIT6, STM32H563MIY3QTR, STM32H563RGT6, STM32H563RGV6, STM32H563RIT6, STM32H563RIV6, STM32H563VGT6, STM32H563VIT3Q, STM32H563VIT6, STM32H563ZGT6, STM32H563ZIT3Q, STM32H563ZIT6, STM32H573AII3Q, STM32H573AII6, STM32H573I-DK, STM32H573IIK3Q, STM32H573IIK6, STM32H573IIT3Q, STM32H573IIT6, STM32H573MIY3QTR, STM32H573RIT6, STM32H573RIV6, STM32H573VIT3Q, STM32H573VIT6, STM32H573ZIT3Q, STM32H573ZIT6, STM32L4R5QGI6STR, STM32MP131AAE3, STM32MP131AAF3, STM32MP131AAG3, STM32MP131CAE3, STM32MP131CAF3, STM32MP131CAG3, STM32MP131DAE7, STM32MP131DAF7, STM32MP131DAG7, STM32MP131FAE7, STM32MP131FAF7, STM32MP131FAG7, STM32MP133AAE3, STM32MP133AAF3, STM32MP133AAG3, STM32MP133CAE3, STM32MP133CAF3, STM32MP133CAG3, STM32MP133DAE7, STM32MP133DAF7, STM32MP133DAG7, STM32MP133FAE7, STM32MP133FAF7, STM32MP133FAG7, STM32MP135AAE3, STM32MP135AAF3, STM32MP135AAG3, STM32MP135CAE3, STM32MP135CAF3, STM32MP135CAG3, STM32MP135DAE7, STM32MP135DAF7, STM32MP135DAG7, STM32MP135F-DK, STM32MP135FAE7, STM32MP135FAF7, STM32MP135FAF7T, STM32MP135FAF7U, STM32MP135FAG7, STM32U535CBT6, STM32U535CBT6Q, STM32U535CBU6, STM32U535CBU6Q, STM32U535CCT6, STM32U535CCT6Q, STM32U535CCU6, STM32U535CCU6Q, STM32U535CET6, STM32U535CET6Q, STM32U535CEU6, STM32U535CEU6Q, STM32U535JEY6QTR, STM32U535NCY6QTR, STM32U535NEY6QTR, STM32U535RBI6, STM32U535RBI6Q, STM32U535RBT6, STM32U535RBT6Q, STM32U535RCI6, STM32U535RCI6Q, STM32U535RCT6, STM32U535RCT6Q, STM32U535REI6, STM32U535REI6Q, STM32U535RET6, STM32U535RET6Q, STM32U535VCI6, STM32U535VCI6Q, STM32U535VCT6, STM32U535VCT6Q, STM32U535VEI6, STM32U535VEI6Q, STM32U535VET6, STM32U535VET6Q, STM32U545CET6, STM32U545CET6Q, STM32U545CEU6, STM32U545CEU6Q, STM32U545JEY6QTR, STM32U545NEY6QTR, STM32U545REI6, STM32U545REI6Q, STM32U545RET6, STM32U545RET6Q, STM32U545VEI6, STM32U545VEI6Q, STM32U545VET6, STM32U545VET6Q, STM32U595AIH6, STM32U595AIH6Q, STM32U595AJH6, STM32U595AJH6Q, STM32U595QII6, STM32U595QII6Q, STM32U595QJI6, STM32U595QJI6Q, STM32U595RIT6, STM32U595RIT6Q, STM32U595RJT6, STM32U595RJT6Q, STM32U595VIT6, STM32U595VIT6Q, STM32U595VJT6, STM32U595VJT6Q, STM32U595ZIT6, STM32U595ZIT6Q, STM32U595ZIY6QTR, STM32U595ZJT6, STM32U595ZJT6Q, STM32U595ZJY6QTR, STM32U599BJY6QTR, STM32U599NIH6Q, STM32U599NJH6Q, STM32U599VIT6Q, STM32U599VJT6, STM32U599VJT6Q, STM32U599ZIT6Q, STM32U599ZIY6QTR, STM32U599ZJT6Q, STM32U599ZJY6QTR, STM32U5A5AJH6, STM32U5A5AJH6Q, STM32U5A5QJI6, STM32U5A5QJI6Q, STM32U5A5RJT6, STM32U5A5RJT6Q, STM32U5A5VJT6, STM32U5A5VJT6Q, STM32U5A5ZJT6, STM32U5A5ZJT6Q, STM32U5A5ZJY6QTR, STM32U5A9BJY6QTR, STM32U5A9J-DK, STM32U5A9NJH6Q, STM32U5A9VJT6Q, STM32U5A9ZJT6Q, STM32U5A9ZJY6QTR, STM32U5F7VIT6, STM32U5F7VIT6Q, STM32U5F7VJT6, STM32U5F7VJT6Q, STM32U5F9BJY6QTR, STM32U5F9NJH6Q, STM32U5F9VIT6Q, STM32U5F9VJT6Q, STM32U5F9ZIJ6QTR, STM32U5F9ZIT6Q, STM32U5F9ZJJ6QTR, STM32U5F9ZJT6Q, STM32U5G7VJT6, STM32U5G7VJT6Q, STM32U5G9BJY6QTR, STM32U5G9J-DK1, STM32U5G9J-DK2, STM32U5G9NJH6Q, STM32U5G9VJT6Q, STM32U5G9ZJJ6QTR, STM32U5G9ZJT6Q, STM32WB1MMCH6, STM32WBA50KEU6, STM32WBA50KEU6TR, STM32WBA50KGU6, STM32WBA50KGU6TR, STM32WBA52CEU6, STM32WBA52CEU6TR, STM32WBA52CEU7, STM32WBA52CEU7TR, STM32WBA52CGU6, STM32WBA52CGU6TR, STM32WBA52CGU6U, STM32WBA52CGU7, STM32WBA52CGU7TR, STM32WBA52KEU6, STM32WBA52KEU6TR, STM32WBA52KGU6, STM32WBA52KGU6TR, STM32WBA54CEU6, STM32WBA54CEU6TR, STM32WBA54CEU7, STM32WBA54CEU7TR, STM32WBA54CGU6, STM32WBA54CGU6TR, STM32WBA54CGU7, STM32WBA54CGU7TR, STM32WBA54KEU6, STM32WBA54KEU6TR, STM32WBA54KEU7, STM32WBA54KEU7TR, STM32WBA54KGU6, STM32WBA54KGU6TR, STM32WBA54KGU7, STM32WBA54KGU7TR, STM32WBA55CEU6, STM32WBA55CEU6TR, STM32WBA55CEU7, STM32WBA55CEU7TR, STM32WBA55CGU6, STM32WBA55CGU6TR, STM32WBA55CGU6U, STM32WBA55CGU7, STM32WBA55CGU7TR, STM32WBA55G-DK1, STM32WBA55HEF6, STM32WBA55HEF7, STM32WBA55HGF6, STM32WBA55HGF7, STM32WBA55UEI6, STM32WBA55UEI6TR, STM32WBA55UEI7, STM32WBA55UEI7TR, STM32WBA55UGI6, STM32WBA55UGI6TR, STM32WBA55UGI7, STM32WBA55UGI7TR, STM32WL5MOCH6, STM32WL5MOCH6TR]
2023-12-20 05:15:58,306 [INFO] DbMcus:218 - Found 3930 MCUs, 3930 are supported
2023-12-20 05:15:58,307 [INFO] ApiDb:423 - Load user favorites file /home/viktorb/.stm32cubeide/favorites.mcus.txt: 0 item(s)
2023-12-20 05:15:58,307 [INFO] ApiDb:427 - User favorites MCUs=[]
2023-12-20 05:15:58,308 [INFO] DbMcus:224 - Set 0 / 0 favorites MCUs
2023-12-20 05:15:59,071 [INFO] MicroXplorer:468 - Change Database Path : 
2023-12-20 05:15:59,071 [INFO] MicroXplorer:498 - Change Database Version : DB.6.0.100
2023-12-20 05:15:59,072 [WARN] ThirdParty:833 - waiting for thirdparty lock release [change project]
2023-12-20 05:15:59,073 [INFO] ThirdParty:835 - entering critical section [change project]
2023-12-20 05:15:59,073 [INFO] ThirdParty:1030 - CMSIS Pack Vendor :STMicroelectronics X-CUBE-ISPU 1.1.0
2023-12-20 05:15:59,073 [INFO] ThirdParty:1030 - CMSIS Pack Vendor :STMicroelectronics USBPD 4.1
2023-12-20 05:15:59,074 [INFO] ThirdParty:1030 - CMSIS Pack Vendor :STMicroelectronics X-CUBE-GNSS1 6.0.0
2023-12-20 05:15:59,074 [INFO] ThirdParty:1030 - CMSIS Pack Vendor :STMicroelectronics USB_HOST 2.0.0
2023-12-20 05:15:59,074 [INFO] ThirdParty:1030 - CMSIS Pack Vendor :STMicroelectronics X-CUBE-AZRTOS-F4 1.1.0
2023-12-20 05:15:59,074 [INFO] ThirdParty:1030 - CMSIS Pack Vendor :STMicroelectronics LIBJPEG 8.0.0
2023-12-20 05:15:59,074 [INFO] ThirdParty:1030 - CMSIS Pack Vendor :wolfSSL I-CUBE-wolfSSL 5.6.3
2023-12-20 05:15:59,074 [INFO] ThirdParty:1030 - CMSIS Pack Vendor :STMicroelectronics X-CUBE-SMBUS 2.1.0
2023-12-20 05:15:59,074 [INFO] ThirdParty:1030 - CMSIS Pack Vendor :STMicroelectronics USB_DEVICE 3.0.0
2023-12-20 05:15:59,075 [INFO] ThirdParty:1030 - CMSIS Pack Vendor :STMicroelectronics X-CUBE-AZRTOS-WB 2.0.0
2023-12-20 05:15:59,075 [INFO] ThirdParty:1030 - CMSIS Pack Vendor :STMicroelectronics X-CUBE-TOUCHGFX 4.23.0
2023-12-20 05:15:59,075 [INFO] ThirdParty:1030 - CMSIS Pack Vendor :STMicroelectronics X-CUBE-AZRTOS-F7 1.1.0
2023-12-20 05:15:59,075 [INFO] ThirdParty:1030 - CMSIS Pack Vendor :STMicroelectronics X-CUBE-AZRTOS-L5 2.0.0
2023-12-20 05:15:59,075 [INFO] ThirdParty:1030 - CMSIS Pack Vendor :STMicroelectronics USB_DEVICE 2.0.0
2023-12-20 05:15:59,075 [INFO] ThirdParty:1030 - CMSIS Pack Vendor :STMicroelectronics X-CUBE-EEPRMA1 4.2.0
2023-12-20 05:15:59,076 [INFO] ThirdParty:1030 - CMSIS Pack Vendor :ITTIA_DB I-CUBE-ITTIADB 8.8.0
2023-12-20 05:15:59,076 [INFO] ThirdParty:1030 - CMSIS Pack Vendor :STMicroelectronics FP-SNS-MOTENV1 4.3.2
2023-12-20 05:15:59,076 [INFO] ThirdParty:1030 - CMSIS Pack Vendor :STMicroelectronics X-CUBE-ALGOBUILD 1.3.0
2023-12-20 05:15:59,076 [INFO] ThirdParty:1030 - CMSIS Pack Vendor :STMicroelectronics FreeRTOS 0.0.1
2023-12-20 05:15:59,076 [INFO] ThirdParty:1030 - CMSIS Pack Vendor :STMicroelectronics X-CUBE-AZRTOS-G0 1.1.0
2023-12-20 05:15:59,076 [INFO] ThirdParty:1030 - CMSIS Pack Vendor :STMicroelectronics X-CUBE-NFC4 3.0.0
2023-12-20 05:15:59,076 [INFO] ThirdParty:1030 - CMSIS Pack Vendor :STMicroelectronics X-CUBE-SUBG2 5.0.0
2023-12-20 05:15:59,077 [INFO] ThirdParty:1030 - CMSIS Pack Vendor :STMicroelectronics STM32_WPAN 1.0.0
2023-12-20 05:15:59,077 [INFO] ThirdParty:1030 - CMSIS Pack Vendor :STMicroelectronics lwIP 2.0.3
2023-12-20 05:15:59,077 [INFO] ThirdParty:1030 - CMSIS Pack Vendor :STMicroelectronics FP-SNS-FLIGHT1 5.0.2
2023-12-20 05:15:59,077 [INFO] ThirdParty:1030 - CMSIS Pack Vendor :STMicroelectronics USB_HOST 1.0.0
2023-12-20 05:15:59,077 [INFO] ThirdParty:1030 - CMSIS Pack Vendor :STMicroelectronics X-CUBE-TOF1 3.3.1
2023-12-20 05:15:59,077 [INFO] ThirdParty:1030 - CMSIS Pack Vendor :STMicroelectronics X-CUBE-AZRTOS-G4 2.0.0
2023-12-20 05:15:59,078 [INFO] ThirdParty:1030 - CMSIS Pack Vendor :STMicroelectronics PDM2PCM 3.1.0
2023-12-20 05:15:59,078 [INFO] ThirdParty:1030 - CMSIS Pack Vendor :STMicroelectronics X-CUBE-AZRTOS-H7 3.1.0
2023-12-20 05:15:59,078 [INFO] ThirdParty:1030 - CMSIS Pack Vendor :Infineon AIROC-Wi-Fi-Bluetooth-STM32 1.5.1
2023-12-20 05:15:59,078 [INFO] ThirdParty:1030 - CMSIS Pack Vendor :STMicroelectronics X-CUBE-BLEMGR 3.0.0
2023-12-20 05:15:59,079 [INFO] ThirdParty:1030 - CMSIS Pack Vendor :STMicroelectronics PDM2PCM 3.3.0
2023-12-20 05:15:59,079 [INFO] ThirdParty:1030 - CMSIS Pack Vendor :STMicroelectronics X-CUBE-DISPLAY 3.0.0
2023-12-20 05:15:59,079 [INFO] ThirdParty:1030 - CMSIS Pack Vendor :STMicroelectronics FP-SNS-MOTENVWB1 1.3.0
2023-12-20 05:15:59,079 [INFO] ThirdParty:1030 - CMSIS Pack Vendor :STMicroelectronics FP-SNS-MOTENVWB1 1.3.1
2023-12-20 05:15:59,079 [INFO] ThirdParty:1030 - CMSIS Pack Vendor :STMicroelectronics X-CUBE-BLE1 7.0.0
2023-12-20 05:15:59,080 [INFO] ThirdParty:1030 - CMSIS Pack Vendor :STMicroelectronics FP-ATR-SIGFOX1 3.2.0
2023-12-20 05:15:59,080 [INFO] ThirdParty:1030 - CMSIS Pack Vendor :STMicroelectronics X-CUBE-ISPU 2.0.0
2023-12-20 05:15:59,080 [INFO] ThirdParty:1030 - CMSIS Pack Vendor :STMicroelectronics HAL Drivers 0.0.0
2023-12-20 05:15:59,080 [INFO] ThirdParty:1030 - CMSIS Pack Vendor :STMicroelectronics MBEDTLS 2.16.2
2023-12-20 05:15:59,080 [INFO] ThirdParty:1030 - CMSIS Pack Vendor :emotas I-CUBE-CANOPEN 1.3.0
2023-12-20 05:15:59,081 [INFO] ThirdParty:1030 - CMSIS Pack Vendor :STMicroelectronics X-CUBE-MEMS1 10.0.0
2023-12-20 05:15:59,082 [INFO] ThirdParty:1030 - CMSIS Pack Vendor :STMicroelectronics X-CUBE-FREERTOS 1.1.0
2023-12-20 05:15:59,082 [INFO] ThirdParty:1030 - CMSIS Pack Vendor :STMicroelectronics X-CUBE-NFC7 1.0.1
2023-12-20 05:15:59,082 [INFO] ThirdParty:1030 - CMSIS Pack Vendor :STMicroelectronics MBEDTLS 2.14.1
2023-12-20 05:15:59,082 [INFO] ThirdParty:1030 - CMSIS Pack Vendor :STMicroelectronics X-CUBE-TOUCHGFX 4.22.1
2023-12-20 05:15:59,082 [INFO] ThirdParty:1030 - CMSIS Pack Vendor :STMicroelectronics X-CUBE-NFC6 3.0.0
2023-12-20 05:15:59,083 [INFO] ThirdParty:1030 - CMSIS Pack Vendor :portGmbH I-Cube-SoM-uGOAL 1.1.0
2023-12-20 05:15:59,083 [INFO] ThirdParty:1030 - CMSIS Pack Vendor :STMicroelectronics X-CUBE-ALS 1.0.1
2023-12-20 05:15:59,083 [INFO] ThirdParty:1030 - CMSIS Pack Vendor :STMicroelectronics ThreadX 1.0.0
2023-12-20 05:15:59,083 [INFO] ThirdParty:1030 - CMSIS Pack Vendor :STMicroelectronics FP-SNS-SMARTAG2 1.2.0
2023-12-20 05:15:59,083 [INFO] ThirdParty:1030 - CMSIS Pack Vendor :STMicroelectronics X-CUBE-AZRTOS-WL 2.0.0
2023-12-20 05:15:59,083 [INFO] ThirdParty:1030 - CMSIS Pack Vendor :STMicroelectronics USB_DEVICE 1.0.0
2023-12-20 05:15:59,083 [INFO] ThirdParty:1030 - CMSIS Pack Vendor :STMicroelectronics X-CUBE-AI 8.1.0
2023-12-20 05:15:59,084 [INFO] ThirdParty:1030 - CMSIS Pack Vendor :STMicroelectronics X-CUBE-AZRTOS-L4 2.0.0
2023-12-20 05:15:59,084 [INFO] ThirdParty:1030 - CMSIS Pack Vendor :STMicroelectronics ThreadX 0.0.2
2023-12-20 05:15:59,084 [INFO] ThirdParty:1030 - CMSIS Pack Vendor :WES I-CUBE-Cesium 1.3.0
2023-12-20 05:15:59,084 [INFO] ThirdParty:1030 - CMSIS Pack Vendor :STMicroelectronics FP-ATR-ASTRA1 2.0.0
2023-12-20 05:15:59,084 [INFO] ThirdParty:1030 - CMSIS Pack Vendor :STMicroelectronics lwIP 2.1.2
2023-12-20 05:15:59,084 [INFO] ThirdParty:1030 - CMSIS Pack Vendor :STMicroelectronics X-CUBE-SFXS2LP1 4.0.0
2023-12-20 05:15:59,084 [INFO] ThirdParty:1030 - CMSIS Pack Vendor :STMicroelectronics X-CUBE-BLE2 3.3.0
2023-12-20 05:15:59,084 [INFO] ThirdParty:1030 - CMSIS Pack Vendor :STMicroelectronics X-CUBE-TOF1 3.4.0
2023-12-20 05:15:59,085 [INFO] ThirdParty:1030 - CMSIS Pack Vendor :STMicroelectronics X-CUBE-AZRTOS-H7 3.2.0
2023-12-20 05:15:59,085 [INFO] ThirdParty:1030 - CMSIS Pack Vendor :STMicroelectronics PDM2PCM 3.2.0
2023-12-20 05:15:59,085 [INFO] ThirdParty:841 - exiting critical section [change project]
2023-12-20 05:15:59,652 [INFO] PinOutPanel:1499 - setPackage(No Configuration,No Configuration)
2023-12-20 05:15:59,653 [INFO] PinOutPanel:1499 - setPackage(STM32L476RGTx,LQFP64)
2023-12-20 05:16:00,776 [INFO] UtilMem:75 - Before build in PCC Used Memory: 479263232 Bytes (909115392)
2023-12-20 05:16:01,997 [INFO] UtilMem:75 - After build in PCC Used Memory: 726524824 Bytes (909115392)
2023-12-20 05:16:02,087 [INFO] IPUIPlugin:80 - create IPUIPlugin
2023-12-20 05:16:02,087 [INFO] IPUIPlugin:80 - create IPUIPlugin
2023-12-20 05:16:02,087 [INFO] IPUIPlugin:80 - create IPUIPlugin
2023-12-20 05:16:02,087 [INFO] IPUIPlugin:80 - create IPUIPlugin
2023-12-20 05:16:02,087 [INFO] IPUIPlugin:80 - create IPUIPlugin
2023-12-20 05:16:02,088 [INFO] IPUIPlugin:80 - create IPUIPlugin
2023-12-20 05:16:02,088 [INFO] IPUIPlugin:80 - create IPUIPlugin
2023-12-20 05:16:02,088 [INFO] IPUIPlugin:80 - create IPUIPlugin
2023-12-20 05:16:02,088 [INFO] IPUIPlugin:80 - create IPUIPlugin
2023-12-20 05:16:02,088 [INFO] IPUIPlugin:80 - create IPUIPlugin
2023-12-20 05:16:02,088 [INFO] IPUIPlugin:80 - create IPUIPlugin
2023-12-20 05:16:02,088 [INFO] IPUIPlugin:80 - create IPUIPlugin
2023-12-20 05:16:02,088 [INFO] IPUIPlugin:80 - create IPUIPlugin
2023-12-20 05:16:02,089 [INFO] IPUIPlugin:80 - create IPUIPlugin
2023-12-20 05:16:02,089 [INFO] IPUIPlugin:80 - create IPUIPlugin
2023-12-20 05:16:02,089 [INFO] IPUIPlugin:80 - create IPUIPlugin
2023-12-20 05:16:02,089 [INFO] IPUIPlugin:80 - create IPUIPlugin
2023-12-20 05:16:02,119 [INFO] IPUIPlugin:80 - create IPUIPlugin
2023-12-20 05:16:02,120 [INFO] IPUIPlugin:80 - create IPUIPlugin
2023-12-20 05:16:02,120 [INFO] IPUIPlugin:80 - create IPUIPlugin
2023-12-20 05:16:02,120 [INFO] IPUIPlugin:80 - create IPUIPlugin
2023-12-20 05:16:02,120 [INFO] IPUIPlugin:80 - create IPUIPlugin
2023-12-20 05:16:02,120 [INFO] IPUIPlugin:80 - create IPUIPlugin
2023-12-20 05:16:02,120 [INFO] IPUIPlugin:80 - create IPUIPlugin
2023-12-20 05:16:02,121 [INFO] IPUIPlugin:80 - create IPUIPlugin
2023-12-20 05:16:02,121 [INFO] IPUIPlugin:80 - create IPUIPlugin
2023-12-20 05:16:02,121 [INFO] IPUIPlugin:80 - create IPUIPlugin
2023-12-20 05:16:02,121 [INFO] IPUIPlugin:80 - create IPUIPlugin
2023-12-20 05:16:02,121 [INFO] IPUIPlugin:80 - create IPUIPlugin
2023-12-20 05:16:02,121 [INFO] IPUIPlugin:80 - create IPUIPlugin
2023-12-20 05:16:02,122 [INFO] IPUIPlugin:80 - create IPUIPlugin
2023-12-20 05:16:02,122 [INFO] IPUIPlugin:80 - create IPUIPlugin
2023-12-20 05:16:02,122 [INFO] IPUIPlugin:80 - create IPUIPlugin
2023-12-20 05:16:02,122 [INFO] IPUIPlugin:80 - create IPUIPlugin
2023-12-20 05:16:02,122 [INFO] IPUIPlugin:80 - create IPUIPlugin
2023-12-20 05:16:02,123 [INFO] IPUIPlugin:80 - create IPUIPlugin
2023-12-20 05:16:02,123 [INFO] IPUIPlugin:80 - create IPUIPlugin
2023-12-20 05:16:02,123 [INFO] IPUIPlugin:80 - create IPUIPlugin
2023-12-20 05:16:02,123 [INFO] IPUIPlugin:80 - create IPUIPlugin
2023-12-20 05:16:02,123 [INFO] IPUIPlugin:80 - create IPUIPlugin
2023-12-20 05:16:02,123 [INFO] IPUIPlugin:80 - create IPUIPlugin
2023-12-20 05:16:02,124 [INFO] IPUIPlugin:80 - create IPUIPlugin
2023-12-20 05:16:02,124 [INFO] IPUIPlugin:80 - create IPUIPlugin
2023-12-20 05:16:02,124 [INFO] IPUIPlugin:80 - create IPUIPlugin
2023-12-20 05:16:02,124 [INFO] IPUIPlugin:80 - create IPUIPlugin
2023-12-20 05:16:02,124 [INFO] IPUIPlugin:80 - create IPUIPlugin
2023-12-20 05:16:02,124 [INFO] IPUIPlugin:80 - create IPUIPlugin
2023-12-20 05:16:02,125 [INFO] IPUIPlugin:80 - create IPUIPlugin
2023-12-20 05:16:02,125 [INFO] IPUIPlugin:80 - create IPUIPlugin
2023-12-20 05:16:02,125 [INFO] IPUIPlugin:80 - create IPUIPlugin
2023-12-20 05:16:02,125 [INFO] IPUIPlugin:80 - create IPUIPlugin
2023-12-20 05:16:02,125 [INFO] IPUIPlugin:80 - create IPUIPlugin
2023-12-20 05:16:02,125 [INFO] IPUIPlugin:80 - create IPUIPlugin
2023-12-20 05:16:02,125 [INFO] IPUIPlugin:80 - create IPUIPlugin
2023-12-20 05:16:02,126 [INFO] IPUIPlugin:80 - create IPUIPlugin
2023-12-20 05:16:02,130 [INFO] IPUIPlugin:80 - create IPUIPlugin
2023-12-20 05:16:02,130 [INFO] IPUIPlugin:80 - create IPUIPlugin
2023-12-20 05:16:02,131 [INFO] IPUIPlugin:80 - create IPUIPlugin
2023-12-20 05:16:02,131 [INFO] IPUIPlugin:80 - create IPUIPlugin
2023-12-20 05:16:02,434 [INFO] CADModel:165 - CPN selected for project levelSTM32L476RGT3
2023-12-20 05:16:02,434 [INFO] CADModel:114 - Register for checkConnection events
2023-12-20 05:16:02,473 [INFO] OpenFileManager:343 - Restore cursor
2023-12-20 05:20:30,269 [INFO] UtilMem:75 - End SaveConfig() Used Memory: 651888432 Bytes (909115392)
2023-12-20 05:20:33,405 [INFO] UtilMem:75 - End SaveConfig() Used Memory: 682297136 Bytes (909115392)
2023-12-20 05:20:37,206 [INFO] UtilMem:75 - End SaveConfig() Used Memory: 253792048 Bytes (909115392)
2023-12-20 05:20:38,012 [INFO] BlockDiagram:2759 - set Specific Code input for plugin: SPI
2023-12-20 05:20:38,013 [INFO] BlockDiagram:2759 - set Specific Code input for plugin: SYS
2023-12-20 05:20:38,013 [INFO] BlockDiagram:2759 - set Specific Code input for plugin: RCC
2023-12-20 05:20:38,013 [INFO] BlockDiagram:2759 - set Specific Code input for plugin: NVIC
2023-12-20 05:20:38,013 [INFO] BlockDiagram:2759 - set Specific Code input for plugin: USART
2023-12-20 05:20:38,014 [INFO] BlockDiagram:2759 - set Specific Code input for plugin: GPIO
2023-12-20 05:20:38,015 [INFO] CodeGenerator:807 - code generatio: config db path: /opt/st/stm32cubeide_1.14.0/plugins/com.st.stm32cube.common.mx_6.10.0.202311202037//db/
2023-12-20 05:20:38,556 [INFO] CodeEngine:255 - oldGeneratedFile, /home/viktorb/STM32CubeIDE/project/is1300ProjectLaptop/MXTmpFiles/license.tmp_save
2023-12-20 05:20:39,057 [INFO] CodeEngine:279 - Generated code: /home/viktorb/STM32CubeIDE/project/is1300ProjectLaptop/MXTmpFiles/license.tmp
2023-12-20 05:20:39,227 [INFO] CodeEngine:255 - oldGeneratedFile, /home/viktorb/STM32CubeIDE/project/is1300ProjectLaptop/Core/Src/gpio.c_save
2023-12-20 05:20:39,352 [INFO] CodeEngine:279 - Generated code: /home/viktorb/STM32CubeIDE/project/is1300ProjectLaptop/Core/Src/gpio.c
2023-12-20 05:20:39,355 [INFO] CodeEngine:255 - oldGeneratedFile, /home/viktorb/STM32CubeIDE/project/is1300ProjectLaptop/Core/Inc/gpio.h_save
2023-12-20 05:20:39,462 [INFO] CodeEngine:279 - Generated code: /home/viktorb/STM32CubeIDE/project/is1300ProjectLaptop/Core/Inc/gpio.h
2023-12-20 05:20:39,779 [INFO] CodeEngine:255 - oldGeneratedFile, /home/viktorb/STM32CubeIDE/project/is1300ProjectLaptop/Core/Src/spi.c_save
2023-12-20 05:20:39,923 [INFO] CodeEngine:279 - Generated code: /home/viktorb/STM32CubeIDE/project/is1300ProjectLaptop/Core/Src/spi.c
2023-12-20 05:20:39,965 [INFO] CodeEngine:255 - oldGeneratedFile, /home/viktorb/STM32CubeIDE/project/is1300ProjectLaptop/Core/Inc/spi.h_save
2023-12-20 05:20:40,041 [INFO] CodeEngine:279 - Generated code: /home/viktorb/STM32CubeIDE/project/is1300ProjectLaptop/Core/Inc/spi.h
2023-12-20 05:20:40,058 [INFO] CodeEngine:255 - oldGeneratedFile, /home/viktorb/STM32CubeIDE/project/is1300ProjectLaptop/Core/Src/usart.c_save
2023-12-20 05:20:40,168 [INFO] CodeEngine:279 - Generated code: /home/viktorb/STM32CubeIDE/project/is1300ProjectLaptop/Core/Src/usart.c
2023-12-20 05:20:40,170 [INFO] CodeEngine:255 - oldGeneratedFile, /home/viktorb/STM32CubeIDE/project/is1300ProjectLaptop/Core/Inc/usart.h_save
2023-12-20 05:20:40,239 [INFO] CodeEngine:279 - Generated code: /home/viktorb/STM32CubeIDE/project/is1300ProjectLaptop/Core/Inc/usart.h
2023-12-20 05:20:40,272 [INFO] CodeEngine:255 - oldGeneratedFile, /home/viktorb/STM32CubeIDE/project/is1300ProjectLaptop/Core/Src/stm32l4xx_it.c_save
2023-12-20 05:20:40,375 [INFO] CodeEngine:279 - Generated code: /home/viktorb/STM32CubeIDE/project/is1300ProjectLaptop/Core/Src/stm32l4xx_it.c
2023-12-20 05:20:40,377 [INFO] CodeEngine:255 - oldGeneratedFile, /home/viktorb/STM32CubeIDE/project/is1300ProjectLaptop/Core/Inc/stm32l4xx_it.h_save
2023-12-20 05:20:40,467 [INFO] CodeEngine:279 - Generated code: /home/viktorb/STM32CubeIDE/project/is1300ProjectLaptop/Core/Inc/stm32l4xx_it.h
2023-12-20 05:20:40,495 [INFO] CodeEngine:255 - oldGeneratedFile, /home/viktorb/STM32CubeIDE/project/is1300ProjectLaptop/Core/Src/stm32l4xx_hal_msp.c_save
2023-12-20 05:20:40,608 [INFO] CodeEngine:279 - Generated code: /home/viktorb/STM32CubeIDE/project/is1300ProjectLaptop/Core/Src/stm32l4xx_hal_msp.c
2023-12-20 05:20:40,609 [INFO] CodeEngine:255 - oldGeneratedFile, /home/viktorb/STM32CubeIDE/project/is1300ProjectLaptop/MXTmpFiles/system.tmp_save
2023-12-20 05:20:40,670 [INFO] CodeEngine:279 - Generated code: /home/viktorb/STM32CubeIDE/project/is1300ProjectLaptop/MXTmpFiles/system.tmp
2023-12-20 05:20:40,691 [INFO] CodeEngine:311 - oldGeneratedFile, /home/viktorb/STM32CubeIDE/project/is1300ProjectLaptop/Core/Inc/stm32l4xx_hal_conf.h_save
2023-12-20 05:20:40,760 [INFO] CodeEngine:335 - Generated code: /home/viktorb/STM32CubeIDE/project/is1300ProjectLaptop/Core/Inc/stm32l4xx_hal_conf.h
2023-12-20 05:20:40,794 [INFO] CodeEngine:255 - oldGeneratedFile, /home/viktorb/STM32CubeIDE/project/is1300ProjectLaptop/Core/Inc/main.h_save
2023-12-20 05:20:40,876 [INFO] CodeEngine:279 - Generated code: /home/viktorb/STM32CubeIDE/project/is1300ProjectLaptop/Core/Inc/main.h
2023-12-20 05:20:40,879 [INFO] CodeEngine:255 - oldGeneratedFile, /home/viktorb/STM32CubeIDE/project/is1300ProjectLaptop/Core/Src/main.c_save
2023-12-20 05:20:41,012 [INFO] CodeEngine:279 - Generated code: /home/viktorb/STM32CubeIDE/project/is1300ProjectLaptop/Core/Src/main.c
2023-12-20 05:20:42,137 [INFO] ProjectBuilder:3076 - Time for Copy HAL[1] : 413mS.
2023-12-20 05:20:42,149 [INFO] ProjectBuilder:4485 - Project Generator version: 4.2.0-B44
2023-12-20 05:20:42,468 [INFO] ConfigFileManager:1495 - The Die is : DIE415
2023-12-20 05:20:42,503 [INFO] ApiDbMcu:508 - Load IP Config File for FATFS
2023-12-20 05:20:42,510 [INFO] ApiDbMcu:508 - Load IP Config File for FREERTOS
2023-12-20 05:20:42,534 [INFO] ApiDbMcu:508 - Load IP Config File for TOUCHSENSING
2023-12-20 05:20:42,551 [INFO] ApiDbMcu:508 - Load IP Config File for USB_DEVICE
2023-12-20 05:20:42,555 [INFO] ApiDbMcu:508 - Load IP Config File for USB_HOST
2023-12-20 05:20:43,791 [INFO] LogOutputStream:77 - [STDOUT_REDIRECT] 
2023-12-20 05:20:46,176 [INFO] ProjectBuilder:4747 - Time for Generating toolchain IDE Files: 4027mS.
2023-12-20 05:20:46,176 [INFO] ProjectBuilder:2947 - Time for Copy CMSIS : 0mS.
2023-12-20 05:20:46,177 [INFO] ProjectBuilder:2947 - Time for Copy CMSIS : 1mS.
